<?xml version="1.0" encoding="UTF-8"?>
<testng-results ignored="0" total="4" passed="3" failed="1" skipped="0">
  <reporter-output>
  </reporter-output>
  <suite started-at="2025-05-19T02:03:57 ACST" name="PlanitJupiter Automation Suite" finished-at="2025-05-19T02:04:50 ACST" duration-ms="52900">
    <groups>
    </groups>
    <test started-at="2025-05-19T02:03:57 ACST" name="Jupiter UI Tests" finished-at="2025-05-19T02:04:50 ACST" duration-ms="52900">
      <class name="planittesting.automation.planit_jupiter_tests.ContactPageTests">
        <test-method is-config="true" signature="setUp()[pri:0, instance:planittesting.automation.planit_jupiter_tests.ContactPageTests@3e58a80e]" started-at="2025-05-19T02:03:58 ACST" name="setUp" finished-at="2025-05-19T02:04:04 ACST" duration-ms="6306" status="PASS">
          <reporter-output>
          </reporter-output>
        </test-method> <!-- setUp -->
        <test-method signature="testContactFormErrorMessages()[pri:0, instance:planittesting.automation.planit_jupiter_tests.ContactPageTests@3e58a80e]" started-at="2025-05-19T02:04:04 ACST" name="testContactFormErrorMessages" finished-at="2025-05-19T02:04:11 ACST" duration-ms="6671" status="PASS">
          <reporter-output>
          </reporter-output>
        </test-method> <!-- testContactFormErrorMessages -->
        <test-method is-config="true" signature="tearDown()[pri:0, instance:planittesting.automation.planit_jupiter_tests.ContactPageTests@3e58a80e]" started-at="2025-05-19T02:04:11 ACST" name="tearDown" finished-at="2025-05-19T02:04:11 ACST" duration-ms="285" status="PASS">
          <reporter-output>
          </reporter-output>
        </test-method> <!-- tearDown -->
        <test-method is-config="true" signature="setUp()[pri:0, instance:planittesting.automation.planit_jupiter_tests.ContactPageTests@3e58a80e]" started-at="2025-05-19T02:04:11 ACST" name="setUp" finished-at="2025-05-19T02:04:17 ACST" duration-ms="5823" status="PASS">
          <reporter-output>
          </reporter-output>
        </test-method> <!-- setUp -->
        <test-method signature="testSuccessfulContactFormSubmission()[pri:0, instance:planittesting.automation.planit_jupiter_tests.ContactPageTests@3e58a80e]" started-at="2025-05-19T02:04:17 ACST" name="testSuccessfulContactFormSubmission" finished-at="2025-05-19T02:04:29 ACST" duration-ms="12075" status="PASS">
          <reporter-output>
          </reporter-output>
        </test-method> <!-- testSuccessfulContactFormSubmission -->
        <test-method is-config="true" signature="tearDown()[pri:0, instance:planittesting.automation.planit_jupiter_tests.ContactPageTests@3e58a80e]" started-at="2025-05-19T02:04:29 ACST" name="tearDown" finished-at="2025-05-19T02:04:29 ACST" duration-ms="344" status="PASS">
          <reporter-output>
          </reporter-output>
        </test-method> <!-- tearDown -->
        <test-method is-config="true" signature="setUp()[pri:0, instance:planittesting.automation.planit_jupiter_tests.ContactPageTests@3e58a80e]" started-at="2025-05-19T02:04:29 ACST" name="setUp" finished-at="2025-05-19T02:04:35 ACST" duration-ms="5834" status="PASS">
          <reporter-output>
          </reporter-output>
        </test-method> <!-- setUp -->
        <test-method signature="testSuccessfulContactFormSubmission()[pri:0, instance:planittesting.automation.planit_jupiter_tests.ContactPageTests@3e58a80e]" started-at="2025-05-19T02:04:35 ACST" name="testSuccessfulContactFormSubmission" finished-at="2025-05-19T02:04:42 ACST" duration-ms="7424" status="PASS">
          <reporter-output>
          </reporter-output>
        </test-method> <!-- testSuccessfulContactFormSubmission -->
        <test-method is-config="true" signature="tearDown()[pri:0, instance:planittesting.automation.planit_jupiter_tests.ContactPageTests@3e58a80e]" started-at="2025-05-19T02:04:42 ACST" name="tearDown" finished-at="2025-05-19T02:04:43 ACST" duration-ms="306" status="PASS">
          <reporter-output>
          </reporter-output>
        </test-method> <!-- tearDown -->
      </class> <!-- planittesting.automation.planit_jupiter_tests.ContactPageTests -->
      <class name="planittesting.automation.planit_jupiter_tests.ShoppingCartTests">
        <test-method is-config="true" signature="setUp()[pri:0, instance:planittesting.automation.planit_jupiter_tests.ShoppingCartTests@10e31a9a]" started-at="2025-05-19T02:04:43 ACST" name="setUp" finished-at="2025-05-19T02:04:49 ACST" duration-ms="6488" status="PASS">
          <reporter-output>
          </reporter-output>
        </test-method> <!-- setUp -->
        <test-method signature="testShoppingCartFunctionality()[pri:0, instance:planittesting.automation.planit_jupiter_tests.ShoppingCartTests@10e31a9a]" started-at="2025-05-19T02:04:49 ACST" name="testShoppingCartFunctionality" finished-at="2025-05-19T02:04:50 ACST" duration-ms="705" status="FAIL">
          <exception class="org.openqa.selenium.NoSuchElementException">
            <message>
              <![CDATA[no such element: Unable to locate element: {"method":"xpath","selector":"//h4[text()='Stuffed Frog']/following-sibling::p/a[text()='Buy']"}
  (Session info: chrome=136.0.7103.114)
For documentation on this error, please visit: https://www.selenium.dev/documentation/webdriver/troubleshooting/errors#no-such-element-exception
Build info: version: '4.20.0', revision: '866c76ca80'
System info: os.name: 'Windows 11', os.arch: 'amd64', os.version: '10.0', java.version: '21.0.7'
Driver info: org.openqa.selenium.chrome.ChromeDriver
Command: [52f9b357c0a0351ae9311f2c6e33fa95, findElement {value=//h4[text()='Stuffed Frog']/following-sibling::p/a[text()='Buy'], using=xpath}]
Capabilities {acceptInsecureCerts: false, browserName: chrome, browserVersion: 136.0.7103.114, chrome: {chromedriverVersion: 136.0.7103.94 (fa0be0b33deb..., userDataDir: C:\Users\HP\AppData\Local\T...}, fedcm:accounts: true, goog:chromeOptions: {debuggerAddress: localhost:61792}, networkConnectionEnabled: false, pageLoadStrategy: normal, platformName: windows, proxy: Proxy(), se:cdp: ws://localhost:61792/devtoo..., se:cdpVersion: 136.0.7103.114, setWindowRect: true, strictFileInteractability: false, timeouts: {implicit: 0, pageLoad: 300000, script: 30000}, unhandledPromptBehavior: dismiss and notify, webauthn:extension:credBlob: true, webauthn:extension:largeBlob: true, webauthn:extension:minPinLength: true, webauthn:extension:prf: true, webauthn:virtualAuthenticators: true}
Session ID: 52f9b357c0a0351ae9311f2c6e33fa95]]>
            </message>
            <full-stacktrace>
              <![CDATA[org.openqa.selenium.NoSuchElementException: no such element: Unable to locate element: {"method":"xpath","selector":"//h4[text()='Stuffed Frog']/following-sibling::p/a[text()='Buy']"}
  (Session info: chrome=136.0.7103.114)
For documentation on this error, please visit: https://www.selenium.dev/documentation/webdriver/troubleshooting/errors#no-such-element-exception
Build info: version: '4.20.0', revision: '866c76ca80'
System info: os.name: 'Windows 11', os.arch: 'amd64', os.version: '10.0', java.version: '21.0.7'
Driver info: org.openqa.selenium.chrome.ChromeDriver
Command: [52f9b357c0a0351ae9311f2c6e33fa95, findElement {value=//h4[text()='Stuffed Frog']/following-sibling::p/a[text()='Buy'], using=xpath}]
Capabilities {acceptInsecureCerts: false, browserName: chrome, browserVersion: 136.0.7103.114, chrome: {chromedriverVersion: 136.0.7103.94 (fa0be0b33deb..., userDataDir: C:\Users\HP\AppData\Local\T...}, fedcm:accounts: true, goog:chromeOptions: {debuggerAddress: localhost:61792}, networkConnectionEnabled: false, pageLoadStrategy: normal, platformName: windows, proxy: Proxy(), se:cdp: ws://localhost:61792/devtoo..., se:cdpVersion: 136.0.7103.114, setWindowRect: true, strictFileInteractability: false, timeouts: {implicit: 0, pageLoad: 300000, script: 30000}, unhandledPromptBehavior: dismiss and notify, webauthn:extension:credBlob: true, webauthn:extension:largeBlob: true, webauthn:extension:minPinLength: true, webauthn:extension:prf: true, webauthn:virtualAuthenticators: true}
Session ID: 52f9b357c0a0351ae9311f2c6e33fa95
at java.base/jdk.internal.reflect.DirectConstructorHandleAccessor.newInstance(DirectConstructorHandleAccessor.java:62)
at java.base/java.lang.reflect.Constructor.newInstanceWithCaller(Constructor.java:502)
at java.base/java.lang.reflect.Constructor.newInstance(Constructor.java:486)
at org.openqa.selenium.remote.ErrorCodec.decode(ErrorCodec.java:167)
at org.openqa.selenium.remote.codec.w3c.W3CHttpResponseCodec.decode(W3CHttpResponseCodec.java:138)
at org.openqa.selenium.remote.codec.w3c.W3CHttpResponseCodec.decode(W3CHttpResponseCodec.java:50)
at org.openqa.selenium.remote.HttpCommandExecutor.execute(HttpCommandExecutor.java:190)
at org.openqa.selenium.remote.service.DriverCommandExecutor.invokeExecute(DriverCommandExecutor.java:216)
at org.openqa.selenium.remote.service.DriverCommandExecutor.execute(DriverCommandExecutor.java:174)
at org.openqa.selenium.remote.RemoteWebDriver.execute(RemoteWebDriver.java:518)
at org.openqa.selenium.remote.ElementLocation$ElementFinder$2.findElement(ElementLocation.java:165)
at org.openqa.selenium.remote.ElementLocation.findElement(ElementLocation.java:59)
at org.openqa.selenium.remote.RemoteWebDriver.findElement(RemoteWebDriver.java:355)
at org.openqa.selenium.remote.RemoteWebDriver.findElement(RemoteWebDriver.java:349)
at planittesting.automation.planit_jupiter_tests.ShopPage.buyItem(ShopPage.java:25)
at planittesting.automation.planit_jupiter_tests.ShoppingCartTests.testShoppingCartFunctionality(ShoppingCartTests.java:12)
at java.base/jdk.internal.reflect.DirectMethodHandleAccessor.invoke(DirectMethodHandleAccessor.java:103)
at java.base/java.lang.reflect.Method.invoke(Method.java:580)
at org.testng.internal.invokers.MethodInvocationHelper.invokeMethod(MethodInvocationHelper.java:141)
at org.testng.internal.invokers.TestInvoker.invokeMethod(TestInvoker.java:686)
at org.testng.internal.invokers.TestInvoker.invokeTestMethod(TestInvoker.java:230)
at org.testng.internal.invokers.MethodRunner.runInSequence(MethodRunner.java:63)
at org.testng.internal.invokers.TestInvoker$MethodInvocationAgent.invoke(TestInvoker.java:992)
at org.testng.internal.invokers.TestInvoker.invokeTestMethods(TestInvoker.java:203)
at org.testng.internal.invokers.TestMethodWorker.invokeTestMethods(TestMethodWorker.java:154)
at org.testng.internal.invokers.TestMethodWorker.run(TestMethodWorker.java:134)
at java.base/java.util.ArrayList.forEach(ArrayList.java:1596)
at org.testng.TestRunner.privateRun(TestRunner.java:739)
at org.testng.TestRunner.run(TestRunner.java:614)
at org.testng.SuiteRunner.runTest(SuiteRunner.java:421)
at org.testng.SuiteRunner.runSequentially(SuiteRunner.java:413)
at org.testng.SuiteRunner.privateRun(SuiteRunner.java:373)
at org.testng.SuiteRunner.run(SuiteRunner.java:312)
at org.testng.SuiteRunnerWorker.runSuite(SuiteRunnerWorker.java:52)
at org.testng.SuiteRunnerWorker.run(SuiteRunnerWorker.java:95)
at org.testng.TestNG.runSuitesSequentially(TestNG.java:1274)
at org.testng.TestNG.runSuitesLocally(TestNG.java:1208)
at org.testng.TestNG.runSuites(TestNG.java:1112)
at org.testng.TestNG.run(TestNG.java:1079)
at org.apache.maven.surefire.testng.TestNGExecutor.run(TestNGExecutor.java:308)
at org.apache.maven.surefire.testng.TestNGXmlTestSuite.execute(TestNGXmlTestSuite.java:71)
at org.apache.maven.surefire.testng.TestNGProvider.invoke(TestNGProvider.java:113)
at org.apache.maven.surefire.booter.ForkedBooter.runSuitesInProcess(ForkedBooter.java:385)
at org.apache.maven.surefire.booter.ForkedBooter.execute(ForkedBooter.java:162)
at org.apache.maven.surefire.booter.ForkedBooter.run(ForkedBooter.java:507)
at org.apache.maven.surefire.booter.ForkedBooter.main(ForkedBooter.java:495)
]]>
            </full-stacktrace>
          </exception> <!-- org.openqa.selenium.NoSuchElementException -->
          <reporter-output>
          </reporter-output>
        </test-method> <!-- testShoppingCartFunctionality -->
        <test-method is-config="true" signature="tearDown()[pri:0, instance:planittesting.automation.planit_jupiter_tests.ShoppingCartTests@10e31a9a]" started-at="2025-05-19T02:04:50 ACST" name="tearDown" finished-at="2025-05-19T02:04:50 ACST" duration-ms="250" status="PASS">
          <reporter-output>
          </reporter-output>
        </test-method> <!-- tearDown -->
      </class> <!-- planittesting.automation.planit_jupiter_tests.ShoppingCartTests -->
    </test> <!-- Jupiter UI Tests -->
  </suite> <!-- PlanitJupiter Automation Suite -->
</testng-results>
