<?xml version="1.0" encoding="UTF-8"?>
<testng-results ignored="0" total="4" passed="4" failed="0" skipped="0">
  <reporter-output>
  </reporter-output>
  <suite started-at="2025-05-18T23:45:00 ACST" name="PlanitJupiter Automation Suite" finished-at="2025-05-18T23:45:52 ACST" duration-ms="52323">
    <groups>
    </groups>
    <test started-at="2025-05-18T23:45:00 ACST" name="Jupiter UI Tests" finished-at="2025-05-18T23:45:52 ACST" duration-ms="52323">
      <class name="planittesting.automation.planit_jupiter_tests.ContactPageTests">
        <test-method is-config="true" signature="setUp()[pri:0, instance:planittesting.automation.planit_jupiter_tests.ContactPageTests@1573f9fc]" started-at="2025-05-18T23:45:01 ACST" name="setUp" finished-at="2025-05-18T23:45:09 ACST" duration-ms="8602" status="PASS">
          <reporter-output>
          </reporter-output>
        </test-method> <!-- setUp -->
        <test-method signature="testContactFormErrorMessages()[pri:0, instance:planittesting.automation.planit_jupiter_tests.ContactPageTests@1573f9fc]" started-at="2025-05-18T23:45:09 ACST" name="testContactFormErrorMessages" finished-at="2025-05-18T23:45:14 ACST" duration-ms="5077" status="PASS">
          <reporter-output>
          </reporter-output>
        </test-method> <!-- testContactFormErrorMessages -->
        <test-method is-config="true" signature="tearDown()[pri:0, instance:planittesting.automation.planit_jupiter_tests.ContactPageTests@1573f9fc]" started-at="2025-05-18T23:45:14 ACST" name="tearDown" finished-at="2025-05-18T23:45:15 ACST" duration-ms="380" status="PASS">
          <reporter-output>
          </reporter-output>
        </test-method> <!-- tearDown -->
        <test-method is-config="true" signature="setUp()[pri:0, instance:planittesting.automation.planit_jupiter_tests.ContactPageTests@1573f9fc]" started-at="2025-05-18T23:45:15 ACST" name="setUp" finished-at="2025-05-18T23:45:18 ACST" duration-ms="2923" status="PASS">
          <reporter-output>
          </reporter-output>
        </test-method> <!-- setUp -->
        <test-method signature="testSuccessfulContactFormSubmission()[pri:0, instance:planittesting.automation.planit_jupiter_tests.ContactPageTests@1573f9fc]" started-at="2025-05-18T23:45:18 ACST" name="testSuccessfulContactFormSubmission" finished-at="2025-05-18T23:45:26 ACST" duration-ms="8330" status="PASS">
          <reporter-output>
          </reporter-output>
        </test-method> <!-- testSuccessfulContactFormSubmission -->
        <test-method is-config="true" signature="tearDown()[pri:0, instance:planittesting.automation.planit_jupiter_tests.ContactPageTests@1573f9fc]" started-at="2025-05-18T23:45:26 ACST" name="tearDown" finished-at="2025-05-18T23:45:26 ACST" duration-ms="381" status="PASS">
          <reporter-output>
          </reporter-output>
        </test-method> <!-- tearDown -->
        <test-method is-config="true" signature="setUp()[pri:0, instance:planittesting.automation.planit_jupiter_tests.ContactPageTests@1573f9fc]" started-at="2025-05-18T23:45:26 ACST" name="setUp" finished-at="2025-05-18T23:45:33 ACST" duration-ms="6580" status="PASS">
          <reporter-output>
          </reporter-output>
        </test-method> <!-- setUp -->
        <test-method signature="testSuccessfulContactFormSubmission()[pri:0, instance:planittesting.automation.planit_jupiter_tests.ContactPageTests@1573f9fc]" started-at="2025-05-18T23:45:33 ACST" name="testSuccessfulContactFormSubmission" finished-at="2025-05-18T23:45:42 ACST" duration-ms="8910" status="PASS">
          <reporter-output>
          </reporter-output>
        </test-method> <!-- testSuccessfulContactFormSubmission -->
        <test-method is-config="true" signature="tearDown()[pri:0, instance:planittesting.automation.planit_jupiter_tests.ContactPageTests@1573f9fc]" started-at="2025-05-18T23:45:42 ACST" name="tearDown" finished-at="2025-05-18T23:45:42 ACST" duration-ms="348" status="PASS">
          <reporter-output>
          </reporter-output>
        </test-method> <!-- tearDown -->
      </class> <!-- planittesting.automation.planit_jupiter_tests.ContactPageTests -->
      <class name="planittesting.automation.planit_jupiter_tests.ShoppingCartTests">
        <test-method is-config="true" signature="setUp()[pri:0, instance:planittesting.automation.planit_jupiter_tests.ShoppingCartTests@26794848]" started-at="2025-05-18T23:45:42 ACST" name="setUp" finished-at="2025-05-18T23:45:45 ACST" duration-ms="2939" status="PASS">
          <reporter-output>
          </reporter-output>
        </test-method> <!-- setUp -->
        <test-method signature="testShoppingCartFunctionality()[pri:0, instance:planittesting.automation.planit_jupiter_tests.ShoppingCartTests@26794848]" started-at="2025-05-18T23:45:45 ACST" name="testShoppingCartFunctionality" finished-at="2025-05-18T23:45:52 ACST" duration-ms="6717" status="PASS">
          <reporter-output>
          </reporter-output>
        </test-method> <!-- testShoppingCartFunctionality -->
        <test-method is-config="true" signature="tearDown()[pri:0, instance:planittesting.automation.planit_jupiter_tests.ShoppingCartTests@26794848]" started-at="2025-05-18T23:45:52 ACST" name="tearDown" finished-at="2025-05-18T23:45:52 ACST" duration-ms="363" status="PASS">
          <reporter-output>
          </reporter-output>
        </test-method> <!-- tearDown -->
      </class> <!-- planittesting.automation.planit_jupiter_tests.ShoppingCartTests -->
    </test> <!-- Jupiter UI Tests -->
  </suite> <!-- PlanitJupiter Automation Suite -->
</testng-results>
