<?xml version="1.0" encoding="UTF-8"?>
<!-- Generated by org.testng.reporters.JUnitXMLReporter -->
<testsuite ignored="0" hostname="LAPTOP-LS0B4K52" failures="0" tests="4" name="Jupiter UI Tests" time="52.323" errors="0" timestamp="2025-05-18T23:45:53 ACST">
  <testcase classname="planittesting.automation.planit_jupiter_tests.ContactPageTests" name="testContactFormErrorMessages" time="5.077"/>
  <testcase classname="planittesting.automation.planit_jupiter_tests.ContactPageTests" name="testSuccessfulContactFormSubmission" time="8.33"/>
  <testcase classname="planittesting.automation.planit_jupiter_tests.ContactPageTests" name="testSuccessfulContactFormSubmission" time="8.91"/>
  <testcase classname="planittesting.automation.planit_jupiter_tests.ShoppingCartTests" name="testShoppingCartFunctionality" time="6.717"/>
</testsuite> <!-- Jupiter UI Tests -->
